<?xml version="1.0" encoding="UTF-8"?>
<testng-results ignored="0" total="2" passed="2" failed="0" skipped="0">
  <reporter-output>
  </reporter-output>
  <suite started-at="2022-05-15T19:21:10 PKT" name="Suite" finished-at="2022-05-15T19:21:25 PKT" duration-ms="15053">
    <groups>
    </groups>
    <test started-at="2022-05-15T19:21:10 PKT" name="Test" finished-at="2022-05-15T19:21:25 PKT" duration-ms="15053">
      <class name="cicdtestngdockerpackage.TestingCICD">
        <test-method is-config="true" signature="lauchDriver()[pri:0, instance:cicdtestngdockerpackage.TestingCICD@53fdffa1]" started-at="2022-05-15T19:21:10 PKT" name="lauchDriver" finished-at="2022-05-15T19:21:13 PKT" duration-ms="2899" status="PASS">
          <reporter-output>
          </reporter-output>
        </test-method> <!-- lauchDriver -->
        <test-method signature="Test1()[pri:0, instance:cicdtestngdockerpackage.TestingCICD@53fdffa1]" started-at="2022-05-15T19:21:13 PKT" name="Test1" finished-at="2022-05-15T19:21:15 PKT" duration-ms="2573" status="PASS">
          <reporter-output>
          </reporter-output>
        </test-method> <!-- Test1 -->
        <test-method is-config="true" signature="quit()[pri:0, instance:cicdtestngdockerpackage.TestingCICD@53fdffa1]" started-at="2022-05-15T19:21:15 PKT" name="quit" finished-at="2022-05-15T19:21:15 PKT" duration-ms="125" status="PASS">
          <reporter-output>
          </reporter-output>
        </test-method> <!-- quit -->
        <test-method is-config="true" signature="lauchDriver()[pri:0, instance:cicdtestngdockerpackage.TestingCICD@53fdffa1]" started-at="2022-05-15T19:21:15 PKT" name="lauchDriver" finished-at="2022-05-15T19:21:16 PKT" duration-ms="623" status="PASS">
          <reporter-output>
          </reporter-output>
        </test-method> <!-- lauchDriver -->
        <test-method signature="Test2()[pri:0, instance:cicdtestngdockerpackage.TestingCICD@53fdffa1]" started-at="2022-05-15T19:21:16 PKT" name="Test2" finished-at="2022-05-15T19:21:25 PKT" duration-ms="8636" status="PASS">
          <reporter-output>
          </reporter-output>
        </test-method> <!-- Test2 -->
        <test-method is-config="true" signature="quit()[pri:0, instance:cicdtestngdockerpackage.TestingCICD@53fdffa1]" started-at="2022-05-15T19:21:25 PKT" name="quit" finished-at="2022-05-15T19:21:25 PKT" duration-ms="155" status="PASS">
          <reporter-output>
          </reporter-output>
        </test-method> <!-- quit -->
      </class> <!-- cicdtestngdockerpackage.TestingCICD -->
    </test> <!-- Test -->
  </suite> <!-- Suite -->
</testng-results>
