<?xml version="1.0" encoding="UTF-8"?>
<testng-results ignored="0" total="2" passed="2" failed="0" skipped="0">
  <reporter-output>
  </reporter-output>
  <suite started-at="2022-03-15T22:23:23 PKT" name="Suite" finished-at="2022-03-15T22:23:42 PKT" duration-ms="18678">
    <groups>
    </groups>
    <test started-at="2022-03-15T22:23:23 PKT" name="Test" finished-at="2022-03-15T22:23:42 PKT" duration-ms="18678">
      <class name="cicdtestngdockerpackage.TestingCICD">
        <test-method is-config="true" signature="lauchDriver()[pri:0, instance:cicdtestngdockerpackage.TestingCICD@383bfa16]" started-at="2022-03-15T22:23:23 PKT" name="lauchDriver" finished-at="2022-03-15T22:23:26 PKT" duration-ms="3166" status="PASS">
          <reporter-output>
          </reporter-output>
        </test-method> <!-- lauchDriver -->
        <test-method signature="Test1()[pri:0, instance:cicdtestngdockerpackage.TestingCICD@383bfa16]" started-at="2022-03-15T22:23:26 PKT" name="Test1" finished-at="2022-03-15T22:23:30 PKT" duration-ms="3298" status="PASS">
          <reporter-output>
          </reporter-output>
        </test-method> <!-- Test1 -->
        <test-method is-config="true" signature="quit()[pri:0, instance:cicdtestngdockerpackage.TestingCICD@383bfa16]" started-at="2022-03-15T22:23:30 PKT" name="quit" finished-at="2022-03-15T22:23:30 PKT" duration-ms="682" status="PASS">
          <reporter-output>
          </reporter-output>
        </test-method> <!-- quit -->
        <test-method is-config="true" signature="lauchDriver()[pri:0, instance:cicdtestngdockerpackage.TestingCICD@383bfa16]" started-at="2022-03-15T22:23:30 PKT" name="lauchDriver" finished-at="2022-03-15T22:23:32 PKT" duration-ms="1383" status="PASS">
          <reporter-output>
          </reporter-output>
        </test-method> <!-- lauchDriver -->
        <test-method signature="Test2()[pri:0, instance:cicdtestngdockerpackage.TestingCICD@383bfa16]" started-at="2022-03-15T22:23:32 PKT" name="Test2" finished-at="2022-03-15T22:23:41 PKT" duration-ms="9423" status="PASS">
          <reporter-output>
          </reporter-output>
        </test-method> <!-- Test2 -->
        <test-method is-config="true" signature="quit()[pri:0, instance:cicdtestngdockerpackage.TestingCICD@383bfa16]" started-at="2022-03-15T22:23:41 PKT" name="quit" finished-at="2022-03-15T22:23:42 PKT" duration-ms="684" status="PASS">
          <reporter-output>
          </reporter-output>
        </test-method> <!-- quit -->
      </class> <!-- cicdtestngdockerpackage.TestingCICD -->
    </test> <!-- Test -->
  </suite> <!-- Suite -->
</testng-results>
