<?xml version="1.0" encoding="UTF-8"?>
<testng-results ignored="0" total="2" passed="2" failed="0" skipped="0">
  <reporter-output>
  </reporter-output>
  <suite started-at="2022-03-15T19:55:28 PKT" name="Suite" finished-at="2022-03-15T19:55:54 PKT" duration-ms="25729">
    <groups>
    </groups>
    <test started-at="2022-03-15T19:55:28 PKT" name="Test" finished-at="2022-03-15T19:55:54 PKT" duration-ms="25729">
      <class name="cicdtestngdockerpackage.TestingCICD">
        <test-method is-config="true" signature="lauchDriver()[pri:0, instance:cicdtestngdockerpackage.TestingCICD@51e69659]" started-at="2022-03-15T19:55:28 PKT" name="lauchDriver" finished-at="2022-03-15T19:55:31 PKT" duration-ms="3157" status="PASS">
          <reporter-output>
          </reporter-output>
        </test-method> <!-- lauchDriver -->
        <test-method signature="Test1()[pri:0, instance:cicdtestngdockerpackage.TestingCICD@51e69659]" started-at="2022-03-15T19:55:31 PKT" name="Test1" finished-at="2022-03-15T19:55:36 PKT" duration-ms="4945" status="PASS">
          <reporter-output>
          </reporter-output>
        </test-method> <!-- Test1 -->
        <test-method is-config="true" signature="lauchDriver()[pri:0, instance:cicdtestngdockerpackage.TestingCICD@51e69659]" started-at="2022-03-15T19:55:36 PKT" name="lauchDriver" finished-at="2022-03-15T19:55:37 PKT" duration-ms="1313" status="PASS">
          <reporter-output>
          </reporter-output>
        </test-method> <!-- lauchDriver -->
        <test-method signature="Test2()[pri:0, instance:cicdtestngdockerpackage.TestingCICD@51e69659]" started-at="2022-03-15T19:55:37 PKT" name="Test2" finished-at="2022-03-15T19:55:54 PKT" duration-ms="16259" status="PASS">
          <reporter-output>
          </reporter-output>
        </test-method> <!-- Test2 -->
      </class> <!-- cicdtestngdockerpackage.TestingCICD -->
    </test> <!-- Test -->
  </suite> <!-- Suite -->
</testng-results>
